#
# There is insufficient memory for the Java Runtime Environment to continue.
# Native memory allocation (malloc) failed to allocate 1048576 bytes for AllocateHeap
# Possible reasons:
#   The system is out of physical RAM or swap space
#   The process is running with CompressedOops enabled, and the Java Heap may be blocking the growth of the native heap
# Possible solutions:
#   Reduce memory load on the system
#   Increase physical memory or swap space
#   Check if swap backing store is full
#   Decrease Java heap size (-Xmx/-Xms)
#   Decrease number of Java threads
#   Decrease Java thread stack sizes (-Xss)
#   Set larger code cache with -XX:ReservedCodeCacheSize=
#   JVM is running with Unscaled Compressed Oops mode in which the Java heap is
#     placed in the first 4GB address space. The Java Heap base address is the
#     maximum limit for the native heap growth. Please use -XX:HeapBaseMinAddress
#     to set the Java Heap base and to place the Java Heap above 4GB virtual address.
# This output file may be truncated or incomplete.
#
#  Out of Memory Error (./src/hotspot/share/memory/allocation.cpp:46), pid=15884, tid=17656
#
# JRE version: OpenJDK Runtime Environment Corretto-11.0.16.9.1 (11.0.16.1+9) (build 11.0.16.1+9-LTS)
# Java VM: OpenJDK 64-Bit Server VM Corretto-11.0.16.9.1 (11.0.16.1+9-LTS, mixed mode, tiered, compressed oops, g1 gc, windows-amd64)
# No core dump will be written. Minidumps are not enabled by default on client versions of Windows
#

---------------  S U M M A R Y ------------

Command Line: -XX:TieredStopAtLevel=1 -Xverify:none -Dspring.output.ansi.enabled=always -Dcom.sun.management.jmxremote -Dspring.jmx.enabled=true -Dspring.liveBeansView.mbeanDomain -Dspring.application.admin.enabled=true -javaagent:C:\Users\shaxa\AppData\Local\JetBrains\Toolbox\apps\IDEA-U\ch-0\222.4167.29\lib\idea_rt.jar=65045:C:\Users\shaxa\AppData\Local\JetBrains\Toolbox\apps\IDEA-U\ch-0\222.4167.29\bin -Dfile.encoding=UTF-8 org.springcloud.com.apigateway.ApiGatewayApplication

Host: Intel(R) Core(TM) i5-8265U CPU @ 1.60GHz, 8 cores, 7G,  Windows 10 , 64 bit Build 19041 (10.0.19041.1889)
Time: Wed Nov  9 16:03:53 2022  Windows 10 , 64 bit Build 19041 (10.0.19041.1889) elapsed time: 2.746919 seconds (0d 0h 0m 2s)

---------------  T H R E A D  ---------------

Current thread (0x0000023ed12a0800):  VMThread "VM Thread" [stack: 0x0000005339500000,0x0000005339600000] [id=17656]

Stack: [0x0000005339500000,0x0000005339600000]
[error occurred during error reporting (printing stack bounds), id 0xc0000005, EXCEPTION_ACCESS_VIOLATION (0xc0000005) at pc=0x0000023eba22112d]

Native frames: (J=compiled Java code, j=interpreted, Vv=VM code, C=native code)
V  [jvm.dll+0x61f23a]
V  [jvm.dll+0x7ac419]
V  [jvm.dll+0x7adb08]
V  [jvm.dll+0x7ae145]
V  [jvm.dll+0x7ae0fb]
V  [jvm.dll+0x61e5c7]
V  [jvm.dll+0x61ecd8]
C  [ntdll.dll+0xa235f]
C  [ntdll.dll+0x514a4]
C  [ntdll.dll+0xa0e8e]
C  0x0000023eba22112d

VM_Operation (0x000000533a6fe1b0): CollectForMetadataAllocation, mode: safepoint, requested by thread 0x0000023ed321a800


---------------  P R O C E S S  ---------------

Threads class SMR info:
_java_thread_list=0x0000023ed374f420, length=14, elements={
0x0000023eb0308000, 0x0000023ed12c8800, 0x0000023ed12d1800, 0x0000023ed1b34800,
0x0000023ed1b35000, 0x0000023ed1b38000, 0x0000023ed1b3c000, 0x0000023ed1b40800,
0x0000023ed1c77800, 0x0000023ed22d3800, 0x0000023ed242b800, 0x0000023ed3174000,
0x0000023ed31f9800, 0x0000023ed321a800
}

Java Threads: ( => current thread )
  0x0000023eb0308000 JavaThread "main" [_thread_blocked, id=19436, stack(0x0000005338f00000,0x0000005339000000)]
  0x0000023ed12c8800 JavaThread "Reference Handler" daemon [_thread_blocked, id=9972, stack(0x0000005339600000,0x0000005339700000)]
  0x0000023ed12d1800 JavaThread "Finalizer" daemon [_thread_blocked, id=19604, stack(0x0000005339700000,0x0000005339800000)]
  0x0000023ed1b34800 JavaThread "Signal Dispatcher" daemon [_thread_blocked, id=16808, stack(0x0000005339800000,0x0000005339900000)]
  0x0000023ed1b35000 JavaThread "Attach Listener" daemon [_thread_blocked, id=4908, stack(0x0000005339900000,0x0000005339a00000)]
  0x0000023ed1b38000 JavaThread "Service Thread" daemon [_thread_blocked, id=15764, stack(0x0000005339a00000,0x0000005339b00000)]
  0x0000023ed1b3c000 JavaThread "C1 CompilerThread0" daemon [_thread_blocked, id=4200, stack(0x0000005339b00000,0x0000005339c00000)]
  0x0000023ed1b40800 JavaThread "Sweeper thread" daemon [_thread_blocked, id=19136, stack(0x0000005339c00000,0x0000005339d00000)]
  0x0000023ed1c77800 JavaThread "Common-Cleaner" daemon [_thread_blocked, id=11372, stack(0x0000005339d00000,0x0000005339e00000)]
  0x0000023ed22d3800 JavaThread "Monitor Ctrl-Break" daemon [_thread_in_native, id=416, stack(0x0000005339e00000,0x0000005339f00000)]
  0x0000023ed242b800 JavaThread "RMI TCP Accept-0" daemon [_thread_in_native, id=4108, stack(0x0000005339f00000,0x000000533a000000)]
  0x0000023ed3174000 JavaThread "RMI TCP Connection(1)-192.168.56.1" daemon [_thread_in_native, id=8884, stack(0x000000533a400000,0x000000533a500000)]
  0x0000023ed31f9800 JavaThread "RMI Scheduler(0)" daemon [_thread_blocked, id=8636, stack(0x000000533a500000,0x000000533a600000)]
  0x0000023ed321a800 JavaThread "background-preinit" [_thread_blocked, id=5968, stack(0x000000533a600000,0x000000533a700000)]

Other Threads:
=>0x0000023ed12a0800 VMThread "VM Thread" [stack: 0x0000005339500000,0x0000005339600000] [id=17656]
  0x0000023ed243c000 WatcherThread [stack: 0x000000533a000000,0x000000533a100000] [id=13500]
  0x0000023eb0321000 GCTaskThread "GC Thread#0" [stack: 0x0000005339000000,0x0000005339100000] [id=12548]
  0x0000023ed2515800 GCTaskThread "GC Thread#1" [stack: 0x000000533a100000,0x000000533a200000] [id=21272]
  0x0000023ed27b9800 GCTaskThread "GC Thread#2" [stack: 0x000000533a200000,0x000000533a300000] [id=17388]
  0x0000023ed3397800 GCTaskThread "GC Thread#3" [stack: 0x000000533a700000,0x000000533a800000] [id=5644]
  0x0000023ed3640800 GCTaskThread "GC Thread#4" [stack: 0x000000533aa00000,0x000000533ab00000] [id=15912]
  0x0000023ed359d800 GCTaskThread "GC Thread#5" [stack: 0x000000533ab00000,0x000000533ac00000] [id=8912]
  0x0000023eb0352000 ConcurrentGCThread "G1 Main Marker" [stack: 0x0000005339100000,0x0000005339200000] [id=4076]
  0x0000023eb0353800 ConcurrentGCThread "G1 Conc#0" [stack: 0x0000005339200000,0x0000005339300000] [id=12704]
  0x0000023ed3423000 ConcurrentGCThread "G1 Conc#1" [stack: 0x000000533a800000,0x000000533a900000] [id=308]
  0x0000023ed1108800 ConcurrentGCThread "G1 Refine#0" [stack: 0x0000005339300000,0x0000005339400000] [id=10108]
  0x0000023ed2080800 ConcurrentGCThread "G1 Refine#1" [stack: 0x000000533a300000,0x000000533a400000] [id=5724]
  0x0000023eb03ce000 ConcurrentGCThread "G1 Young RemSet Sampling" [stack: 0x0000005339400000,0x0000005339500000] [id=12908]

Threads with active compile tasks:
C1 CompilerThread0     2773 2572       1       org.springframework.core.annotation.TypeMappedAnnotation::adaptForAttribute (294 bytes)

VM state:at safepoint (normal execution)

VM Mutex/Monitor currently owned by a thread:  ([mutex/lock_event])
[0x0000023eb0304830] Threads_lock - owner thread: 0x0000023ed12a0800
[0x0000023eb0305400] Heap_lock - owner thread: 0x0000023ed321a800

Heap address: 0x0000000081c00000, size: 2020 MB, Compressed Oops mode: 32-bit
Narrow klass base: 0x0000000000000000, Narrow klass shift: 3
Compressed class space size: 1073741824 Address: 0x0000000100000000

Heap:
 garbage-first heap   total 131072K, used 12422K [0x0000000081c00000, 0x0000000100000000)
  region size 1024K, 5 young (5120K), 5 survivors (5120K)
 Metaspace       used 27532K, capacity 28417K, committed 28464K, reserved 1087488K
  class space    used 3330K, capacity 3691K, committed 3712K, reserved 1048576K
Heap Regions: E=young(eden), S=young(survivor), O=old, HS=humongous(starts), HC=humongous(continues), CS=collection set, F=free, A=archive, TAMS=top-at-mark-start (previous, next)
|   0|0x0000000081c00000, 0x0000000081d00000, 0x0000000081d00000|100%| O|  |TAMS 0x0000000081d00000, 0x0000000081d00000| Untracked 
|   1|0x0000000081d00000, 0x0000000081e00000, 0x0000000081e00000|100%| O|  |TAMS 0x0000000081e00000, 0x0000000081e00000| Untracked 
|   2|0x0000000081e00000, 0x0000000081f00000, 0x0000000081f00000|100%| O|  |TAMS 0x0000000081f00000, 0x0000000081f00000| Untracked 
|   3|0x0000000081f00000, 0x0000000082000000, 0x0000000082000000|100%| O|  |TAMS 0x0000000082000000, 0x0000000082000000| Untracked 
|   4|0x0000000082000000, 0x0000000082100000, 0x0000000082100000|100%| O|  |TAMS 0x0000000082100000, 0x0000000082100000| Untracked 
|   5|0x0000000082100000, 0x0000000082200000, 0x0000000082200000|100%| O|  |TAMS 0x0000000082200000, 0x0000000082200000| Untracked 
|   6|0x0000000082200000, 0x0000000082300000, 0x0000000082300000|100%| O|  |TAMS 0x0000000082300000, 0x0000000082300000| Untracked 
|   7|0x0000000082300000, 0x0000000082359200, 0x0000000082400000| 34%| O|  |TAMS 0x0000000082359200, 0x0000000082359200| Untracked 
|   8|0x0000000082400000, 0x0000000082400000, 0x0000000082500000|  0%| F|  |TAMS 0x0000000082400000, 0x0000000082400000| Untracked 
|   9|0x0000000082500000, 0x0000000082500000, 0x0000000082600000|  0%| F|  |TAMS 0x0000000082500000, 0x0000000082500000| Untracked 
|  10|0x0000000082600000, 0x0000000082600000, 0x0000000082700000|  0%| F|  |TAMS 0x0000000082600000, 0x0000000082600000| Untracked 
|  11|0x0000000082700000, 0x0000000082700000, 0x0000000082800000|  0%| F|  |TAMS 0x0000000082700000, 0x0000000082700000| Untracked 
|  12|0x0000000082800000, 0x0000000082800000, 0x0000000082900000|  0%| F|  |TAMS 0x0000000082800000, 0x0000000082800000| Untracked 
|  13|0x0000000082900000, 0x0000000082900000, 0x0000000082a00000|  0%| F|  |TAMS 0x0000000082900000, 0x0000000082900000| Untracked 
|  14|0x0000000082a00000, 0x0000000082a00000, 0x0000000082b00000|  0%| F|  |TAMS 0x0000000082a00000, 0x0000000082a00000| Untracked 
|  15|0x0000000082b00000, 0x0000000082b00000, 0x0000000082c00000|  0%| F|  |TAMS 0x0000000082b00000, 0x0000000082b00000| Untracked 
|  16|0x0000000082c00000, 0x0000000082c00000, 0x0000000082d00000|  0%| F|  |TAMS 0x0000000082c00000, 0x0000000082c00000| Untracked 
|  17|0x0000000082d00000, 0x0000000082d00000, 0x0000000082e00000|  0%| F|  |TAMS 0x0000000082d00000, 0x0000000082d00000| Untracked 
|  18|0x0000000082e00000, 0x0000000082e00000, 0x0000000082f00000|  0%| F|  |TAMS 0x0000000082e00000, 0x0000000082e00000| Untracked 
|  19|0x0000000082f00000, 0x0000000082f00000, 0x0000000083000000|  0%| F|  |TAMS 0x0000000082f00000, 0x0000000082f00000| Untracked 
|  20|0x0000000083000000, 0x0000000083000000, 0x0000000083100000|  0%| F|  |TAMS 0x0000000083000000, 0x0000000083000000| Untracked 
|  21|0x0000000083100000, 0x0000000083100000, 0x0000000083200000|  0%| F|  |TAMS 0x0000000083100000, 0x0000000083100000| Untracked 
|  22|0x0000000083200000, 0x0000000083200000, 0x0000000083300000|  0%| F|  |TAMS 0x0000000083200000, 0x0000000083200000| Untracked 
|  23|0x0000000083300000, 0x0000000083300000, 0x0000000083400000|  0%| F|  |TAMS 0x0000000083300000, 0x0000000083300000| Untracked 
|  24|0x0000000083400000, 0x0000000083400000, 0x0000000083500000|  0%| F|  |TAMS 0x0000000083400000, 0x0000000083400000| Untracked 
|  25|0x0000000083500000, 0x0000000083500000, 0x0000000083600000|  0%| F|  |TAMS 0x0000000083500000, 0x0000000083500000| Untracked 
|  26|0x0000000083600000, 0x0000000083600000, 0x0000000083700000|  0%| F|  |TAMS 0x0000000083600000, 0x0000000083600000| Untracked 
|  27|0x0000000083700000, 0x0000000083700000, 0x0000000083800000|  0%| F|  |TAMS 0x0000000083700000, 0x0000000083700000| Untracked 
|  28|0x0000000083800000, 0x0000000083800000, 0x0000000083900000|  0%| F|  |TAMS 0x0000000083800000, 0x0000000083800000| Untracked 
|  29|0x0000000083900000, 0x0000000083900000, 0x0000000083a00000|  0%| F|  |TAMS 0x0000000083900000, 0x0000000083900000| Untracked 
|  30|0x0000000083a00000, 0x0000000083a00000, 0x0000000083b00000|  0%| F|  |TAMS 0x0000000083a00000, 0x0000000083a00000| Untracked 
|  31|0x0000000083b00000, 0x0000000083b00000, 0x0000000083c00000|  0%| F|  |TAMS 0x0000000083b00000, 0x0000000083b00000| Untracked 
|  32|0x0000000083c00000, 0x0000000083c00000, 0x0000000083d00000|  0%| F|  |TAMS 0x0000000083c00000, 0x0000000083c00000| Untracked 
|  33|0x0000000083d00000, 0x0000000083d00000, 0x0000000083e00000|  0%| F|  |TAMS 0x0000000083d00000, 0x0000000083d00000| Untracked 
|  34|0x0000000083e00000, 0x0000000083e00000, 0x0000000083f00000|  0%| F|  |TAMS 0x0000000083e00000, 0x0000000083e00000| Untracked 
|  35|0x0000000083f00000, 0x0000000083f00000, 0x0000000084000000|  0%| F|  |TAMS 0x0000000083f00000, 0x0000000083f00000| Untracked 
|  36|0x0000000084000000, 0x0000000084000000, 0x0000000084100000|  0%| F|  |TAMS 0x0000000084000000, 0x0000000084000000| Untracked 
|  37|0x0000000084100000, 0x0000000084100000, 0x0000000084200000|  0%| F|  |TAMS 0x0000000084100000, 0x0000000084100000| Untracked 
|  38|0x0000000084200000, 0x0000000084200000, 0x0000000084300000|  0%| F|  |TAMS 0x0000000084200000, 0x0000000084200000| Untracked 
|  39|0x0000000084300000, 0x0000000084300000, 0x0000000084400000|  0%| F|  |TAMS 0x0000000084300000, 0x0000000084300000| Untracked 
|  40|0x0000000084400000, 0x0000000084400000, 0x0000000084500000|  0%| F|  |TAMS 0x0000000084400000, 0x0000000084400000| Untracked 
|  41|0x0000000084500000, 0x0000000084500000, 0x0000000084600000|  0%| F|  |TAMS 0x0000000084500000, 0x0000000084500000| Untracked 
|  42|0x0000000084600000, 0x0000000084600000, 0x0000000084700000|  0%| F|  |TAMS 0x0000000084600000, 0x0000000084600000| Untracked 
|  43|0x0000000084700000, 0x0000000084700000, 0x0000000084800000|  0%| F|  |TAMS 0x0000000084700000, 0x0000000084700000| Untracked 
|  44|0x0000000084800000, 0x0000000084800000, 0x0000000084900000|  0%| F|  |TAMS 0x0000000084800000, 0x0000000084800000| Untracked 
|  45|0x0000000084900000, 0x0000000084900000, 0x0000000084a00000|  0%| F|  |TAMS 0x0000000084900000, 0x0000000084900000| Untracked 
|  46|0x0000000084a00000, 0x0000000084a00000, 0x0000000084b00000|  0%| F|  |TAMS 0x0000000084a00000, 0x0000000084a00000| Untracked 
|  47|0x0000000084b00000, 0x0000000084b00000, 0x0000000084c00000|  0%| F|  |TAMS 0x0000000084b00000, 0x0000000084b00000| Untracked 
|  48|0x0000000084c00000, 0x0000000084c00000, 0x0000000084d00000|  0%| F|  |TAMS 0x0000000084c00000, 0x0000000084c00000| Untracked 
|  49|0x0000000084d00000, 0x0000000084d00000, 0x0000000084e00000|  0%| F|  |TAMS 0x0000000084d00000, 0x0000000084d00000| Untracked 
|  50|0x0000000084e00000, 0x0000000084e00000, 0x0000000084f00000|  0%| F|  |TAMS 0x0000000084e00000, 0x0000000084e00000| Untracked 
|  51|0x0000000084f00000, 0x0000000084f00000, 0x0000000085000000|  0%| F|  |TAMS 0x0000000084f00000, 0x0000000084f00000| Untracked 
|  52|0x0000000085000000, 0x0000000085000000, 0x0000000085100000|  0%| F|  |TAMS 0x0000000085000000, 0x0000000085000000| Untracked 
|  53|0x0000000085100000, 0x0000000085100000, 0x0000000085200000|  0%| F|  |TAMS 0x0000000085100000, 0x0000000085100000| Untracked 
|  54|0x0000000085200000, 0x0000000085200000, 0x0000000085300000|  0%| F|  |TAMS 0x0000000085200000, 0x0000000085200000| Untracked 
|  55|0x0000000085300000, 0x0000000085300000, 0x0000000085400000|  0%| F|  |TAMS 0x0000000085300000, 0x0000000085300000| Untracked 
|  56|0x0000000085400000, 0x0000000085400000, 0x0000000085500000|  0%| F|  |TAMS 0x0000000085400000, 0x0000000085400000| Untracked 
|  57|0x0000000085500000, 0x0000000085500000, 0x0000000085600000|  0%| F|  |TAMS 0x0000000085500000, 0x0000000085500000| Untracked 
|  58|0x0000000085600000, 0x0000000085600000, 0x0000000085700000|  0%| F|  |TAMS 0x0000000085600000, 0x0000000085600000| Untracked 
|  59|0x0000000085700000, 0x0000000085700000, 0x0000000085800000|  0%| F|  |TAMS 0x0000000085700000, 0x0000000085700000| Untracked 
|  60|0x0000000085800000, 0x0000000085800000, 0x0000000085900000|  0%| F|  |TAMS 0x0000000085800000, 0x0000000085800000| Untracked 
|  61|0x0000000085900000, 0x0000000085900000, 0x0000000085a00000|  0%| F|  |TAMS 0x0000000085900000, 0x0000000085900000| Untracked 
|  62|0x0000000085a00000, 0x0000000085a00000, 0x0000000085b00000|  0%| F|  |TAMS 0x0000000085a00000, 0x0000000085a00000| Untracked 
|  63|0x0000000085b00000, 0x0000000085b00000, 0x0000000085c00000|  0%| F|  |TAMS 0x0000000085b00000, 0x0000000085b00000| Untracked 
|  64|0x0000000085c00000, 0x0000000085c00000, 0x0000000085d00000|  0%| F|  |TAMS 0x0000000085c00000, 0x0000000085c00000| Untracked 
|  65|0x0000000085d00000, 0x0000000085d00000, 0x0000000085e00000|  0%| F|  |TAMS 0x0000000085d00000, 0x0000000085d00000| Untracked 
|  66|0x0000000085e00000, 0x0000000085e00000, 0x0000000085f00000|  0%| F|  |TAMS 0x0000000085e00000, 0x0000000085e00000| Untracked 
|  67|0x0000000085f00000, 0x0000000085f00000, 0x0000000086000000|  0%| F|  |TAMS 0x0000000085f00000, 0x0000000085f00000| Untracked 
|  68|0x0000000086000000, 0x0000000086000000, 0x0000000086100000|  0%| F|  |TAMS 0x0000000086000000, 0x0000000086000000| Untracked 
|  69|0x0000000086100000, 0x0000000086100000, 0x0000000086200000|  0%| F|  |TAMS 0x0000000086100000, 0x0000000086100000| Untracked 
|  70|0x0000000086200000, 0x0000000086200000, 0x0000000086300000|  0%| F|  |TAMS 0x0000000086200000, 0x0000000086200000| Untracked 
|  71|0x0000000086300000, 0x0000000086300000, 0x0000000086400000|  0%| F|  |TAMS 0x0000000086300000, 0x0000000086300000| Untracked 
|  72|0x0000000086400000, 0x0000000086400000, 0x0000000086500000|  0%| F|  |TAMS 0x0000000086400000, 0x0000000086400000| Untracked 
|  73|0x0000000086500000, 0x0000000086500000, 0x0000000086600000|  0%| F|  |TAMS 0x0000000086500000, 0x0000000086500000| Untracked 
|  74|0x0000000086600000, 0x0000000086600000, 0x0000000086700000|  0%| F|  |TAMS 0x0000000086600000, 0x0000000086600000| Untracked 
|  75|0x0000000086700000, 0x0000000086700000, 0x0000000086800000|  0%| F|  |TAMS 0x0000000086700000, 0x0000000086700000| Untracked 
|  76|0x0000000086800000, 0x0000000086800000, 0x0000000086900000|  0%| F|  |TAMS 0x0000000086800000, 0x0000000086800000| Untracked 
|  77|0x0000000086900000, 0x0000000086900000, 0x0000000086a00000|  0%| F|  |TAMS 0x0000000086900000, 0x0000000086900000| Untracked 
|  78|0x0000000086a00000, 0x0000000086a00000, 0x0000000086b00000|  0%| F|  |TAMS 0x0000000086a00000, 0x0000000086a00000| Untracked 
|  79|0x0000000086b00000, 0x0000000086b00000, 0x0000000086c00000|  0%| F|  |TAMS 0x0000000086b00000, 0x0000000086b00000| Untracked 
|  80|0x0000000086c00000, 0x0000000086c00000, 0x0000000086d00000|  0%| F|  |TAMS 0x0000000086c00000, 0x0000000086c00000| Untracked 
|  81|0x0000000086d00000, 0x0000000086d00000, 0x0000000086e00000|  0%| F|  |TAMS 0x0000000086d00000, 0x0000000086d00000| Untracked 
|  82|0x0000000086e00000, 0x0000000086e00000, 0x0000000086f00000|  0%| F|  |TAMS 0x0000000086e00000, 0x0000000086e00000| Untracked 
|  83|0x0000000086f00000, 0x0000000086f00000, 0x0000000087000000|  0%| F|  |TAMS 0x0000000086f00000, 0x0000000086f00000| Untracked 
|  84|0x0000000087000000, 0x0000000087000000, 0x0000000087100000|  0%| F|  |TAMS 0x0000000087000000, 0x0000000087000000| Untracked 
|  85|0x0000000087100000, 0x0000000087100000, 0x0000000087200000|  0%| F|  |TAMS 0x0000000087100000, 0x0000000087100000| Untracked 
|  86|0x0000000087200000, 0x0000000087200000, 0x0000000087300000|  0%| F|  |TAMS 0x0000000087200000, 0x0000000087200000| Untracked 
|  87|0x0000000087300000, 0x0000000087300000, 0x0000000087400000|  0%| F|  |TAMS 0x0000000087300000, 0x0000000087300000| Untracked 
|  88|0x0000000087400000, 0x0000000087400000, 0x0000000087500000|  0%| F|  |TAMS 0x0000000087400000, 0x0000000087400000| Untracked 
|  89|0x0000000087500000, 0x00000000875c8638, 0x0000000087600000| 78%| S|CS|TAMS 0x0000000087500000, 0x0000000087500000| Complete 
|  90|0x0000000087600000, 0x0000000087700000, 0x0000000087700000|100%| S|CS|TAMS 0x0000000087600000, 0x0000000087600000| Complete 
|  91|0x0000000087700000, 0x0000000087800000, 0x0000000087800000|100%| S|CS|TAMS 0x0000000087700000, 0x0000000087700000| Complete 
|  92|0x0000000087800000, 0x0000000087900000, 0x0000000087900000|100%| S|CS|TAMS 0x0000000087800000, 0x0000000087800000| Complete 
|  93|0x0000000087900000, 0x0000000087a00000, 0x0000000087a00000|100%| S|CS|TAMS 0x0000000087900000, 0x0000000087900000| Complete 
|  94|0x0000000087a00000, 0x0000000087a00000, 0x0000000087b00000|  0%| F|  |TAMS 0x0000000087a00000, 0x0000000087a00000| Untracked 
|  95|0x0000000087b00000, 0x0000000087b00000, 0x0000000087c00000|  0%| F|  |TAMS 0x0000000087b00000, 0x0000000087b00000| Untracked 
|  96|0x0000000087c00000, 0x0000000087c00000, 0x0000000087d00000|  0%| F|  |TAMS 0x0000000087c00000, 0x0000000087c00000| Untracked 
|  97|0x0000000087d00000, 0x0000000087d00000, 0x0000000087e00000|  0%| F|  |TAMS 0x0000000087d00000, 0x0000000087d00000| Untracked 
|  98|0x0000000087e00000, 0x0000000087e00000, 0x0000000087f00000|  0%| F|  |TAMS 0x0000000087e00000, 0x0000000087e00000| Untracked 
|  99|0x0000000087f00000, 0x0000000087f00000, 0x0000000088000000|  0%| F|  |TAMS 0x0000000087f00000, 0x0000000087f00000| Untracked 
| 100|0x0000000088000000, 0x0000000088000000, 0x0000000088100000|  0%| F|  |TAMS 0x0000000088000000, 0x0000000088000000| Untracked 
| 101|0x0000000088100000, 0x0000000088100000, 0x0000000088200000|  0%| F|  |TAMS 0x0000000088100000, 0x0000000088100000| Untracked 
| 102|0x0000000088200000, 0x0000000088200000, 0x0000000088300000|  0%| F|  |TAMS 0x0000000088200000, 0x0000000088200000| Untracked 
| 103|0x0000000088300000, 0x0000000088300000, 0x0000000088400000|  0%| F|  |TAMS 0x0000000088300000, 0x0000000088300000| Untracked 
| 104|0x0000000088400000, 0x0000000088400000, 0x0000000088500000|  0%| F|  |TAMS 0x0000000088400000, 0x0000000088400000| Untracked 
| 105|0x0000000088500000, 0x0000000088500000, 0x0000000088600000|  0%| F|  |TAMS 0x0000000088500000, 0x0000000088500000| Untracked 
| 106|0x0000000088600000, 0x0000000088600000, 0x0000000088700000|  0%| F|  |TAMS 0x0000000088600000, 0x0000000088600000| Untracked 
| 107|0x0000000088700000, 0x0000000088700000, 0x0000000088800000|  0%| F|  |TAMS 0x0000000088700000, 0x0000000088700000| Untracked 
| 108|0x0000000088800000, 0x0000000088800000, 0x0000000088900000|  0%| F|  |TAMS 0x0000000088800000, 0x0000000088800000| Untracked 
| 109|0x0000000088900000, 0x0000000088900000, 0x0000000088a00000|  0%| F|  |TAMS 0x0000000088900000, 0x0000000088900000| Untracked 
| 110|0x0000000088a00000, 0x0000000088a00000, 0x0000000088b00000|  0%| F|  |TAMS 0x0000000088a00000, 0x0000000088a00000| Untracked 
| 111|0x0000000088b00000, 0x0000000088b00000, 0x0000000088c00000|  0%| F|  |TAMS 0x0000000088b00000, 0x0000000088b00000| Untracked 
| 112|0x0000000088c00000, 0x0000000088c00000, 0x0000000088d00000|  0%| F|  |TAMS 0x0000000088c00000, 0x0000000088c00000| Untracked 
| 113|0x0000000088d00000, 0x0000000088d00000, 0x0000000088e00000|  0%| F|  |TAMS 0x0000000088d00000, 0x0000000088d00000| Untracked 
| 114|0x0000000088e00000, 0x0000000088e00000, 0x0000000088f00000|  0%| F|  |TAMS 0x0000000088e00000, 0x0000000088e00000| Untracked 
| 115|0x0000000088f00000, 0x0000000088f00000, 0x0000000089000000|  0%| F|  |TAMS 0x0000000088f00000, 0x0000000088f00000| Untracked 
| 116|0x0000000089000000, 0x0000000089000000, 0x0000000089100000|  0%| F|  |TAMS 0x0000000089000000, 0x0000000089000000| Untracked 
| 117|0x0000000089100000, 0x0000000089100000, 0x0000000089200000|  0%| F|  |TAMS 0x0000000089100000, 0x0000000089100000| Untracked 
| 118|0x0000000089200000, 0x0000000089200000, 0x0000000089300000|  0%| F|  |TAMS 0x0000000089200000, 0x0000000089200000| Untracked 
| 119|0x0000000089300000, 0x0000000089300000, 0x0000000089400000|  0%| F|  |TAMS 0x0000000089300000, 0x0000000089300000| Untracked 
| 120|0x0000000089400000, 0x0000000089400000, 0x0000000089500000|  0%| F|  |TAMS 0x0000000089400000, 0x0000000089400000| Untracked 
| 121|0x0000000089500000, 0x0000000089500000, 0x0000000089600000|  0%| F|  |TAMS 0x0000000089500000, 0x0000000089500000| Untracked 
| 122|0x0000000089600000, 0x0000000089600000, 0x0000000089700000|  0%| F|  |TAMS 0x0000000089600000, 0x0000000089600000| Untracked 
| 123|0x0000000089700000, 0x0000000089700000, 0x0000000089800000|  0%| F|  |TAMS 0x0000000089700000, 0x0000000089700000| Untracked 
| 124|0x0000000089800000, 0x0000000089800000, 0x0000000089900000|  0%| F|  |TAMS 0x0000000089800000, 0x0000000089800000| Untracked 
| 125|0x0000000089900000, 0x0000000089900000, 0x0000000089a00000|  0%| F|  |TAMS 0x0000000089900000, 0x0000000089900000| Untracked 
| 126|0x0000000089a00000, 0x0000000089a00000, 0x0000000089b00000|  0%| F|  |TAMS 0x0000000089a00000, 0x0000000089a00000| Untracked 
| 127|0x0000000089b00000, 0x0000000089b00000, 0x0000000089c00000|  0%| F|  |TAMS 0x0000000089b00000, 0x0000000089b00000| Untracked 

Card table byte_map: [0x0000023eca090000,0x0000023eca490000] _byte_map_base: 0x0000023ec9c82000

Marking Bits (Prev, Next): (CMBitMap*) 0x0000023eb0349870, (CMBitMap*) 0x0000023eb0349838
 Prev Bits: [0x0000023ecc820000, 0x0000023ece7b0000)
 Next Bits: [0x0000023eca890000, 0x0000023ecc820000)

Polling page: 0x0000023eb1b80000

Metaspace:

Usage:
  Non-class:     24.15 MB capacity,    23.64 MB ( 98%) used,   430.36 KB (  2%) free+waste,    93.38 KB ( <1%) overhead. 
      Class:      3.60 MB capacity,     3.25 MB ( 90%) used,   313.71 KB (  8%) free+waste,    47.19 KB (  1%) overhead. 
       Both:     27.75 MB capacity,    26.89 MB ( 97%) used,   744.07 KB (  3%) free+waste,   140.56 KB ( <1%) overhead. 

Virtual space:
  Non-class space:       38.00 MB reserved,      24.17 MB ( 64%) committed 
      Class space:        1.00 GB reserved,       3.63 MB ( <1%) committed 
             Both:        1.04 GB reserved,      27.80 MB (  3%) committed 

Chunk freelists:
   Non-Class:  26.00 KB
       Class:  21.00 KB
        Both:  47.00 KB

MaxMetaspaceSize: 17179869184.00 GB
CompressedClassSpaceSize: 1.00 GB
Initial GC threshold: 20.80 MB
Current GC threshold: 35.40 MB
CDS: off

CodeHeap 'non-profiled nmethods': size=238336Kb used=3786Kb max_used=3786Kb free=234549Kb
 bounds [0x0000023eba960000, 0x0000023ebad20000, 0x0000023ec9220000]
CodeHeap 'non-nmethods': size=7424Kb used=1201Kb max_used=1201Kb free=6222Kb
 bounds [0x0000023eba220000, 0x0000023eba490000, 0x0000023eba960000]
 total_blobs=3042 nmethods=2567 adapters=401
 compilation: enabled
              stopped_count=0, restarted_count=0
 full_count=0

Compilation events (20 events):
Event: 2.728 Thread 0x0000023ed1b3c000 nmethod 2558 0x0000023ebad0ca90 code [0x0000023ebad0cc40, 0x0000023ebad0cd28]
Event: 2.729 Thread 0x0000023ed1b3c000 2559       1       org.springframework.util.ConcurrentReferenceHashMap::put (8 bytes)
Event: 2.729 Thread 0x0000023ed1b3c000 nmethod 2559 0x0000023ebad0cd90 code [0x0000023ebad0cf80, 0x0000023ebad0d468]
Event: 2.729 Thread 0x0000023ed1b3c000 2560       1       org.springframework.beans.factory.BeanFactoryUtils::isFactoryDereference (19 bytes)
Event: 2.729 Thread 0x0000023ed1b3c000 nmethod 2560 0x0000023ebad0d690 code [0x0000023ebad0d840, 0x0000023ebad0d948]
Event: 2.729 Thread 0x0000023ed1b3c000 2561       1       org.springframework.boot.autoconfigure.AutoConfigurationMetadataLoader$PropertiesAutoConfigurationMetadata::getSet (8 bytes)
Event: 2.730 Thread 0x0000023ed1b3c000 nmethod 2561 0x0000023ebad0da10 code [0x0000023ebad0dc40, 0x0000023ebad0e088]
Event: 2.730 Thread 0x0000023ed1b3c000 2563       1       org.springframework.core.type.AnnotationMetadata$$Lambda$299/0x00000001002c1440::test (10 bytes)
Event: 2.730 Thread 0x0000023ed1b3c000 nmethod 2563 0x0000023ebad0e310 code [0x0000023ebad0e4e0, 0x0000023ebad0e698]
Event: 2.730 Thread 0x0000023ed1b3c000 2562       1       org.springframework.boot.autoconfigure.condition.OnBeanCondition::getOutcome (54 bytes)
Event: 2.731 Thread 0x0000023ed1b3c000 nmethod 2562 0x0000023ebad0e790 code [0x0000023ebad0e9a0, 0x0000023ebad0ee18]
Event: 2.731 Thread 0x0000023ed1b3c000 2564       1       org.springframework.boot.autoconfigure.condition.FilteringSpringBootCondition$ClassNameFilter$2::matches (14 bytes)
Event: 2.731 Thread 0x0000023ed1b3c000 nmethod 2564 0x0000023ebad0f090 code [0x0000023ebad0f260, 0x0000023ebad0f438]
Event: 2.731 Thread 0x0000023ed1b3c000 2565       1       java.util.ArrayDeque::push (6 bytes)
Event: 2.731 Thread 0x0000023ed1b3c000 nmethod 2565 0x0000023ebad0f610 code [0x0000023ebad0f7c0, 0x0000023ebad0f888]
Event: 2.731 Thread 0x0000023ed1b3c000 2567   !   1       org.springframework.core.annotation.TypeMappedAnnotation::createIfPossible (139 bytes)
Event: 2.733 Thread 0x0000023ed1b3c000 nmethod 2567 0x0000023ebad0f910 code [0x0000023ebad0fc20, 0x0000023ebad10718]
Event: 2.733 Thread 0x0000023ed1b3c000 2571       1       org.springframework.core.annotation.TypeMappedAnnotation::adapt (376 bytes)
Event: 2.735 Thread 0x0000023ed1b3c000 nmethod 2571 0x0000023ebad10d90 code [0x0000023ebad11120, 0x0000023ebad12168]
Event: 2.735 Thread 0x0000023ed1b3c000 2572       1       org.springframework.core.annotation.TypeMappedAnnotation::adaptForAttribute (294 bytes)

GC Heap History (10 events):
Event: 1.468 GC heap before
{Heap before GC invocations=0 (full 0):
 garbage-first heap   total 131072K, used 25600K [0x0000000081c00000, 0x0000000100000000)
  region size 1024K, 24 young (24576K), 0 survivors (0K)
 Metaspace       used 13719K, capacity 14078K, committed 14336K, reserved 1062912K
  class space    used 1409K, capacity 1525K, committed 1536K, reserved 1048576K
}
Event: 1.478 GC heap after
{Heap after GC invocations=1 (full 0):
 garbage-first heap   total 131072K, used 7224K [0x0000000081c00000, 0x0000000100000000)
  region size 1024K, 3 young (3072K), 3 survivors (3072K)
 Metaspace       used 13719K, capacity 14078K, committed 14336K, reserved 1062912K
  class space    used 1409K, capacity 1525K, committed 1536K, reserved 1048576K
}
Event: 1.679 GC heap before
{Heap before GC invocations=1 (full 0):
 garbage-first heap   total 131072K, used 25656K [0x0000000081c00000, 0x0000000100000000)
  region size 1024K, 21 young (21504K), 3 survivors (3072K)
 Metaspace       used 16953K, capacity 17439K, committed 17664K, reserved 1064960K
  class space    used 1833K, capacity 2001K, committed 2048K, reserved 1048576K
}
Event: 1.686 GC heap after
{Heap after GC invocations=2 (full 0):
 garbage-first heap   total 131072K, used 8548K [0x0000000081c00000, 0x0000000100000000)
  region size 1024K, 1 young (1024K), 1 survivors (1024K)
 Metaspace       used 16953K, capacity 17439K, committed 17664K, reserved 1064960K
  class space    used 1833K, capacity 2001K, committed 2048K, reserved 1048576K
}
Event: 2.230 GC heap before
{Heap before GC invocations=2 (full 0):
 garbage-first heap   total 131072K, used 33124K [0x0000000081c00000, 0x0000000100000000)
  region size 1024K, 26 young (26624K), 1 survivors (1024K)
 Metaspace       used 20451K, capacity 21140K, committed 21296K, reserved 1069056K
  class space    used 2346K, capacity 2630K, committed 2688K, reserved 1048576K
}
Event: 2.233 GC heap after
{Heap after GC invocations=3 (full 0):
 garbage-first heap   total 131072K, used 9475K [0x0000000081c00000, 0x0000000100000000)
  region size 1024K, 2 young (2048K), 2 survivors (2048K)
 Metaspace       used 20451K, capacity 21140K, committed 21296K, reserved 1069056K
  class space    used 2346K, capacity 2630K, committed 2688K, reserved 1048576K
}
Event: 2.500 GC heap before
{Heap before GC invocations=4 (full 0):
 garbage-first heap   total 131072K, used 53507K [0x0000000081c00000, 0x0000000100000000)
  region size 1024K, 45 young (46080K), 2 survivors (2048K)
 Metaspace       used 24341K, capacity 25122K, committed 25264K, reserved 1071104K
  class space    used 2955K, capacity 3252K, committed 3328K, reserved 1048576K
}
Event: 2.505 GC heap after
{Heap after GC invocations=5 (full 0):
 garbage-first heap   total 131072K, used 10983K [0x0000000081c00000, 0x0000000100000000)
  region size 1024K, 4 young (4096K), 4 survivors (4096K)
 Metaspace       used 24341K, capacity 25122K, committed 25264K, reserved 1071104K
  class space    used 2955K, capacity 3252K, committed 3328K, reserved 1048576K
}
Event: 2.736 GC heap before
{Heap before GC invocations=5 (full 0):
 garbage-first heap   total 131072K, used 44775K [0x0000000081c00000, 0x0000000100000000)
  region size 1024K, 38 young (38912K), 4 survivors (4096K)
 Metaspace       used 27532K, capacity 28417K, committed 28464K, reserved 1085440K
  class space    used 3330K, capacity 3691K, committed 3712K, reserved 1048576K
}
Event: 2.744 GC heap after
{Heap after GC invocations=6 (full 0):
 garbage-first heap   total 131072K, used 12422K [0x0000000081c00000, 0x0000000100000000)
  region size 1024K, 5 young (5120K), 5 survivors (5120K)
 Metaspace       used 27532K, capacity 28417K, committed 28464K, reserved 1085440K
  class space    used 3330K, capacity 3691K, committed 3712K, reserved 1048576K
}

Deoptimization events (0 events):
No events

Classes redefined (0 events):
No events

Internal exceptions (20 events):
Event: 2.390 Thread 0x0000023eb0308000 Exception <a 'java/lang/ClassNotFoundException'{0x000000008848bc28}: org/springframework/beans/factory/config/BeanFactoryPostProcessorCustomizer> (0x000000008848bc28) thrown at [./src/hotspot/share/classfile/systemDictionary.cpp, line 230]
Event: 2.391 Thread 0x0000023eb0308000 Exception <a 'java/lang/ClassNotFoundException'{0x00000000884a2e78}: org/springframework/core/PriorityOrderedCustomizer> (0x00000000884a2e78) thrown at [./src/hotspot/share/classfile/systemDictionary.cpp, line 230]
Event: 2.391 Thread 0x0000023eb0308000 Exception <a 'java/lang/ClassNotFoundException'{0x00000000884b7a20}: org/springframework/core/OrderedCustomizer> (0x00000000884b7a20) thrown at [./src/hotspot/share/classfile/systemDictionary.cpp, line 230]
Event: 2.392 Thread 0x0000023eb0308000 Exception <a 'java/lang/ClassNotFoundException'{0x000000008832ab00}: org/springframework/context/ResourceLoaderAwareCustomizer> (0x000000008832ab00) thrown at [./src/hotspot/share/classfile/systemDictionary.cpp, line 230]
Event: 2.392 Thread 0x0000023eb0308000 Exception <a 'java/lang/ClassNotFoundException'{0x0000000088341988}: org/springframework/beans/factory/AwareCustomizer> (0x0000000088341988) thrown at [./src/hotspot/share/classfile/systemDictionary.cpp, line 230]
Event: 2.393 Thread 0x0000023eb0308000 Exception <a 'java/lang/ClassNotFoundException'{0x0000000088359968}: org/springframework/context/ApplicationStartupAwareCustomizer> (0x0000000088359968) thrown at [./src/hotspot/share/classfile/systemDictionary.cpp, line 230]
Event: 2.393 Thread 0x0000023eb0308000 Exception <a 'java/lang/ClassNotFoundException'{0x0000000088370a68}: org/springframework/beans/factory/AwareCustomizer> (0x0000000088370a68) thrown at [./src/hotspot/share/classfile/systemDictionary.cpp, line 230]
Event: 2.394 Thread 0x0000023eb0308000 Exception <a 'java/lang/ClassNotFoundException'{0x0000000088389100}: org/springframework/beans/factory/BeanClassLoaderAwareCustomizer> (0x0000000088389100) thrown at [./src/hotspot/share/classfile/systemDictionary.cpp, line 230]
Event: 2.394 Thread 0x0000023eb0308000 Exception <a 'java/lang/ClassNotFoundException'{0x000000008839ffa0}: org/springframework/beans/factory/AwareCustomizer> (0x000000008839ffa0) thrown at [./src/hotspot/share/classfile/systemDictionary.cpp, line 230]
Event: 2.395 Thread 0x0000023eb0308000 Exception <a 'java/lang/ClassNotFoundException'{0x0000000088201050}: org/springframework/context/EnvironmentAwareCustomizer> (0x0000000088201050) thrown at [./src/hotspot/share/classfile/systemDictionary.cpp, line 230]
Event: 2.396 Thread 0x0000023eb0308000 Exception <a 'java/lang/ClassNotFoundException'{0x0000000088217e68}: org/springframework/beans/factory/AwareCustomizer> (0x0000000088217e68) thrown at [./src/hotspot/share/classfile/systemDictionary.cpp, line 230]
Event: 2.542 Thread 0x0000023eb0308000 Exception <a 'java/lang/NoClassDefFoundError'{0x00000000894e9810}: javax/servlet/Filter> (0x00000000894e9810) thrown at [./src/hotspot/share/classfile/systemDictionary.cpp, line 219]
Event: 2.560 Thread 0x0000023eb0308000 Exception <a 'java/lang/IncompatibleClassChangeError'{0x0000000089133528}: Found class java.lang.Object, but interface was expected> (0x0000000089133528) thrown at [./src/hotspot/share/interpreter/linkResolver.cpp, line 839]
Event: 2.613 Thread 0x0000023ed321a800 Exception <a 'java/lang/NoSuchMethodError'{0x00000000889000d0}: 'java.lang.Object java.lang.invoke.DirectMethodHandle$Holder.invokeStaticInit(java.lang.Object, java.lang.Object, java.lang.Object, java.lang.Object, java.lang.Object)'> (0x00000000889000d0) thrown at [./src/hotspot/share/interpreter/linkResolver.cpp, line 773]
Event: 2.620 Thread 0x0000023ed321a800 Exception <a 'java/lang/NoSuchMethodError'{0x00000000889e3a88}: 'java.lang.Object java.lang.invoke.DirectMethodHandle$Holder.invokeStatic(java.lang.Object, java.lang.Object, java.lang.Object, java.lang.Object, java.lang.Object, java.lang.Object, java.lang.Object, java.lang.Object, java.lang.Object, java.lang.Object, java.lang.Object, java.lang.Object, java.lang.Object, java.lang.Object, java.lang.Object)'> (0x00000000889e3a88) thrown at [./src/hotspot/share/interpreter/linkResolver.cpp, line 773]
Event: 2.621 Thread 0x0000023ed321a800 Exception <a 'java/lang/NoSuchMethodError'{0x00000000889f17e8}: 'java.lang.Object java.lang.invoke.DirectMethodHandle$Holder.invokeStatic(java.lang.Object, java.lang.Object, java.lang.Object, java.lang.Object, java.lang.Object, java.lang.Object, java.lang.Object, java.lang.Object, java.lang.Object, java.lang.Object, java.lang.Object, java.lang.Object, java.lang.Object, java.lang.Object, java.lang.Object, java.lang.Object)'> (0x00000000889f17e8) thrown at [./src/hotspot/share/interpreter/linkResolver.cpp, l
Event: 2.622 Thread 0x0000023ed321a800 Exception <a 'java/lang/NoSuchMethodError'{0x00000000889ff458}: 'java.lang.Object java.lang.invoke.DirectMethodHandle$Holder.invokeSpecial(java.lang.Object, java.lang.Object, int, int, java.lang.Object, java.lang.Object, java.lang.Object)'> (0x00000000889ff458) thrown at [./src/hotspot/share/interpreter/linkResolver.cpp, line 773]
Event: 2.622 Thread 0x0000023ed321a800 Exception <a 'java/lang/NoSuchMethodError'{0x0000000088869040}: 'java.lang.Object java.lang.invoke.DelegatingMethodHandle$Holder.reinvoke_L(java.lang.Object, int, int, java.lang.Object, java.lang.Object, java.lang.Object)'> (0x0000000088869040) thrown at [./src/hotspot/share/interpreter/linkResolver.cpp, line 773]
Event: 2.623 Thread 0x0000023ed321a800 Exception <a 'java/lang/NoSuchMethodError'{0x000000008886ce20}: 'java.lang.Object java.lang.invoke.DirectMethodHandle$Holder.invokeStatic(java.lang.Object, java.lang.Object, java.lang.Object, java.lang.Object, int)'> (0x000000008886ce20) thrown at [./src/hotspot/share/interpreter/linkResolver.cpp, line 773]
Event: 2.626 Thread 0x0000023ed3174000 Exception <a 'java/lang/reflect/InvocationTargetException'{0x0000000088809498}> (0x0000000088809498) thrown at [./src/hotspot/share/runtime/reflection.cpp, line 1247]

Events (20 events):
Event: 2.726 loading class org/springframework/boot/autoconfigure/web/WebProperties$Resources$Chain done
Event: 2.727 loading class com/fasterxml/jackson/databind/ser/SerializerCache
Event: 2.727 loading class com/fasterxml/jackson/databind/ser/SerializerCache done
Event: 2.727 loading class org/webjars/WebJarAssetLocator
Event: 2.727 loading class org/webjars/WebJarAssetLocator done
Event: 2.727 loading class com/fasterxml/jackson/databind/deser/DefaultDeserializationContext$Impl
Event: 2.727 loading class com/fasterxml/jackson/databind/deser/DefaultDeserializationContext$Impl done
Event: 2.727 loading class org/webjars$WebJarAssetLocator
Event: 2.727 loading class org/webjars$WebJarAssetLocator done
Event: 2.728 loading class com/fasterxml/jackson/databind/deser/DefaultDeserializationContext
Event: 2.728 loading class com/fasterxml/jackson/databind/deser/DefaultDeserializationContext done
Event: 2.728 loading class com/fasterxml/jackson/databind/DeserializationContext
Event: 2.728 loading class com/fasterxml/jackson/databind/DeserializationContext done
Event: 2.731 loading class com/fasterxml/jackson/databind/deser/BeanDeserializerFactory
Event: 2.731 loading class com/fasterxml/jackson/databind/deser/BeanDeserializerFactory done
Event: 2.732 loading class com/fasterxml/jackson/databind/deser/BasicDeserializerFactory
Event: 2.732 loading class com/fasterxml/jackson/databind/deser/BasicDeserializerFactory done
Event: 2.735 loading class com/fasterxml/jackson/databind/deser/DeserializerFactory
Event: 2.735 loading class com/fasterxml/jackson/databind/deser/DeserializerFactory done
Event: 2.736 Executing VM operation: CollectForMetadataAllocation


Dynamic libraries:
0x00007ff6c24a0000 - 0x00007ff6c24ad000 	C:\Users\shaxa\.jdks\corretto-11.0.16.1\bin\java.exe
0x00007ffa82930000 - 0x00007ffa82b28000 	C:\Windows\SYSTEM32\ntdll.dll
0x00007ffa80ba0000 - 0x00007ffa80c5d000 	C:\Windows\System32\KERNEL32.DLL
0x00007ffa80610000 - 0x00007ffa808de000 	C:\Windows\System32\KERNELBASE.dll
0x00007ffa800d0000 - 0x00007ffa801d0000 	C:\Windows\System32\ucrtbase.dll
0x00007ffa6ed00000 - 0x00007ffa6ed17000 	C:\Users\shaxa\.jdks\corretto-11.0.16.1\bin\jli.dll
0x00007ffa6ece0000 - 0x00007ffa6ecf9000 	C:\Users\shaxa\.jdks\corretto-11.0.16.1\bin\VCRUNTIME140.dll
0x00007ffa80d80000 - 0x00007ffa80f20000 	C:\Windows\System32\USER32.dll
0x00007ffa6b2a0000 - 0x00007ffa6b53a000 	C:\Windows\WinSxS\amd64_microsoft.windows.common-controls_6595b64144ccf1df_6.0.19041.1110_none_60b5254171f9507e\COMCTL32.dll
0x00007ffa81030000 - 0x00007ffa810ce000 	C:\Windows\System32\msvcrt.dll
0x00007ffa812e0000 - 0x00007ffa8130a000 	C:\Windows\System32\GDI32.dll
0x00007ffa800a0000 - 0x00007ffa800c2000 	C:\Windows\System32\win32u.dll
0x00007ffa80200000 - 0x00007ffa8030b000 	C:\Windows\System32\gdi32full.dll
0x00007ffa80310000 - 0x00007ffa803ad000 	C:\Windows\System32\msvcp_win.dll
0x00007ffa80b70000 - 0x00007ffa80ba0000 	C:\Windows\System32\IMM32.DLL
0x00007ffa6e270000 - 0x00007ffa6e30b000 	C:\Users\shaxa\.jdks\corretto-11.0.16.1\bin\msvcp140.dll
0x00007ffa34090000 - 0x00007ffa34c14000 	C:\Users\shaxa\.jdks\corretto-11.0.16.1\bin\server\jvm.dll
0x00007ffa81910000 - 0x00007ffa819be000 	C:\Windows\System32\ADVAPI32.dll
0x00007ffa80f80000 - 0x00007ffa8101c000 	C:\Windows\System32\sechost.dll
0x00007ffa80990000 - 0x00007ffa80ab5000 	C:\Windows\System32\RPCRT4.dll
0x00007ffa80d70000 - 0x00007ffa80d78000 	C:\Windows\System32\PSAPI.DLL
0x00007ffa5ceb0000 - 0x00007ffa5ced7000 	C:\Windows\SYSTEM32\WINMM.dll
0x00007ffa646f0000 - 0x00007ffa646f9000 	C:\Windows\SYSTEM32\WSOCK32.dll
0x00007ffa81270000 - 0x00007ffa812db000 	C:\Windows\System32\WS2_32.dll
0x00007ffa78ea0000 - 0x00007ffa78eaa000 	C:\Windows\SYSTEM32\VERSION.dll
0x00007ffa7e890000 - 0x00007ffa7e8a2000 	C:\Windows\SYSTEM32\kernel.appcore.dll
0x00007ffa79330000 - 0x00007ffa79340000 	C:\Users\shaxa\.jdks\corretto-11.0.16.1\bin\verify.dll
0x00007ffa7de00000 - 0x00007ffa7dfe4000 	C:\Windows\SYSTEM32\DBGHELP.DLL
0x00007ffa644c0000 - 0x00007ffa644ec000 	C:\Windows\SYSTEM32\dbgcore.DLL
0x00007ffa80510000 - 0x00007ffa80592000 	C:\Windows\System32\bcryptPrimitives.dll
0x00007ffa6ecb0000 - 0x00007ffa6ecd8000 	C:\Users\shaxa\.jdks\corretto-11.0.16.1\bin\java.dll
0x00007ffa717f0000 - 0x00007ffa717fa000 	C:\Users\shaxa\.jdks\corretto-11.0.16.1\bin\jimage.dll
0x00007ffa79160000 - 0x00007ffa7916e000 	C:\Users\shaxa\.jdks\corretto-11.0.16.1\bin\instrument.dll
0x00007ffa6ec90000 - 0x00007ffa6eca8000 	C:\Users\shaxa\.jdks\corretto-11.0.16.1\bin\zip.dll
0x00007ffa81be0000 - 0x00007ffa82323000 	C:\Windows\System32\SHELL32.dll
0x00007ffa7dff0000 - 0x00007ffa7e785000 	C:\Windows\SYSTEM32\windows.storage.dll
0x00007ffa824c0000 - 0x00007ffa82814000 	C:\Windows\System32\combase.dll
0x00007ffa7f9d0000 - 0x00007ffa7fa00000 	C:\Windows\SYSTEM32\Wldp.dll
0x00007ffa80ac0000 - 0x00007ffa80b6d000 	C:\Windows\System32\SHCORE.dll
0x00007ffa819d0000 - 0x00007ffa81a25000 	C:\Windows\System32\shlwapi.dll
0x00007ffa7ff90000 - 0x00007ffa7ffaf000 	C:\Windows\SYSTEM32\profapi.dll
0x00007ffa6dfa0000 - 0x00007ffa6dfb9000 	C:\Users\shaxa\.jdks\corretto-11.0.16.1\bin\net.dll
0x00007ffa6f450000 - 0x00007ffa6f55a000 	C:\Windows\SYSTEM32\WINHTTP.dll
0x00007ffa7f7b0000 - 0x00007ffa7f81a000 	C:\Windows\system32\mswsock.dll
0x00007ffa57970000 - 0x00007ffa57983000 	C:\Users\shaxa\.jdks\corretto-11.0.16.1\bin\nio.dll
0x00007ffa79140000 - 0x00007ffa7915a000 	C:\Users\shaxa\AppData\Local\JetBrains\Toolbox\apps\IDEA-U\ch-0\222.4167.29\bin\breakgen64.dll
0x00007ffa7f4b0000 - 0x00007ffa7f57a000 	C:\Windows\SYSTEM32\DNSAPI.dll
0x00007ffa7f470000 - 0x00007ffa7f4ab000 	C:\Windows\SYSTEM32\IPHLPAPI.DLL
0x00007ffa819c0000 - 0x00007ffa819c8000 	C:\Windows\System32\NSI.dll
0x00007ffa6dad0000 - 0x00007ffa6dada000 	C:\Windows\System32\rasadhlp.dll
0x00007ffa6e390000 - 0x00007ffa6e410000 	C:\Windows\System32\fwpuclnt.dll
0x00007ffa801d0000 - 0x00007ffa801f7000 	C:\Windows\System32\bcrypt.dll
0x00007ffa6ad40000 - 0x00007ffa6ad49000 	C:\Users\shaxa\.jdks\corretto-11.0.16.1\bin\management.dll
0x00007ffa6ad30000 - 0x00007ffa6ad3b000 	C:\Users\shaxa\.jdks\corretto-11.0.16.1\bin\management_ext.dll
0x00007ffa7fd30000 - 0x00007ffa7fd48000 	C:\Windows\SYSTEM32\CRYPTSP.dll
0x00007ffa7f0e0000 - 0x00007ffa7f114000 	C:\Windows\system32\rsaenh.dll
0x00007ffa7ff50000 - 0x00007ffa7ff7e000 	C:\Windows\SYSTEM32\USERENV.dll
0x00007ffa7f940000 - 0x00007ffa7f94c000 	C:\Windows\SYSTEM32\CRYPTBASE.dll
0x00007ffa77000000 - 0x00007ffa77017000 	C:\Windows\SYSTEM32\dhcpcsvc6.DLL
0x00007ffa74a10000 - 0x00007ffa74a2d000 	C:\Windows\SYSTEM32\dhcpcsvc.DLL
0x00007ffa53bf0000 - 0x00007ffa53c07000 	C:\Windows\system32\napinsp.dll
0x00007ffa53bd0000 - 0x00007ffa53beb000 	C:\Windows\system32\pnrpnsp.dll
0x00007ffa7a7c0000 - 0x00007ffa7a7d5000 	C:\Windows\system32\wshbth.dll
0x00007ffa7b260000 - 0x00007ffa7b27d000 	C:\Windows\system32\NLAapi.dll
0x00007ffa53bb0000 - 0x00007ffa53bc2000 	C:\Windows\System32\winrnr.dll

dbghelp: loaded successfully - version: 4.0.5 - missing functions: none
symbol engine: initialized successfully - sym options: 0x614 - pdb path: .;C:\Users\shaxa\.jdks\corretto-11.0.16.1\bin;C:\Windows\SYSTEM32;C:\Windows\WinSxS\amd64_microsoft.windows.common-controls_6595b64144ccf1df_6.0.19041.1110_none_60b5254171f9507e;C:\Users\shaxa\.jdks\corretto-11.0.16.1\bin\server;C:\Users\shaxa\AppData\Local\JetBrains\Toolbox\apps\IDEA-U\ch-0\222.4167.29\bin

VM Arguments:
jvm_args: -XX:TieredStopAtLevel=1 -Xverify:none -Dspring.output.ansi.enabled=always -Dcom.sun.management.jmxremote -Dspring.jmx.enabled=true -Dspring.liveBeansView.mbeanDomain -Dspring.application.admin.enabled=true -javaagent:C:\Users\shaxa\AppData\Local\JetBrains\Toolbox\apps\IDEA-U\ch-0\222.4167.29\lib\idea_rt.jar=65045:C:\Users\shaxa\AppData\Local\JetBrains\Toolbox\apps\IDEA-U\ch-0\222.4167.29\bin -Dfile.encoding=UTF-8 
java_command: org.springcloud.com.apigateway.ApiGatewayApplication
java_class_path (initial): C:\Users\shaxa\OneDrive\Рабочий стол\Projects\Spring-Guides\spring-cloud-demo\api-gateway\build\classes\java\main;C:\Users\shaxa\OneDrive\Рабочий стол\Projects\Spring-Guides\spring-cloud-demo\api-gateway\build\resources\main;C:\Users\shaxa\.gradle\caches\modules-2\files-2.1\org.springframework.cloud\spring-cloud-starter-gateway\3.1.4\48d45a23be5b118b9a1c3af6804a547ab0b5083\spring-cloud-starter-gateway-3.1.4.jar;C:\Users\shaxa\.gradle\caches\modules-2\files-2.1\org.springframework.boot\spring-boot-starter-webflux\2.7.5\f9ee66e0683d81ddd6bdf4b9ee2c5d07de112dcb\spring-boot-starter-webflux-2.7.5.jar;C:\Users\shaxa\.gradle\caches\modules-2\files-2.1\org.springframework.cloud\spring-cloud-starter-netflix-eureka-client\3.1.4\eab516eed4aa645f108feab2ec14d01c09c968d4\spring-cloud-starter-netflix-eureka-client-3.1.4.jar;C:\Users\shaxa\.gradle\caches\modules-2\files-2.1\org.springframework.cloud\spring-cloud-starter\3.1.5\4d202021f3b4a3ced491c9c9761b643bfe385776\spring-cloud-starter-3.1.5.jar;C:\Users\shaxa\.gradle\caches\modules-2\files-2.1\org.springframework.cloud\spring-cloud-gateway-server\3.1.4\7a8884c2dcfbcba2ebb879da73da328b9636b09e\spring-cloud-gateway-server-3.1.4.jar;C:\Users\shaxa\.gradle\caches\modules-2\files-2.1\org.springframework.boot\spring-boot-starter-json\2.7.5\9c7df04ff37b2e7471632ddeb4a296c5fb6bddee\spring-boot-starter-json-2.7.5.jar;C:\Users\shaxa\.gradle\caches\modules-2\files-2.1\org.springframework.boot\spring-boot-starter\2.7.5\c28e1546461803490588085345ba5d2897d232bc\spring-boot-starter-2.7.5.jar;C:\Users\shaxa\.gradle\caches\modules-2\files-2.1\org.springframework.boot\spring-boot-starter-reactor-netty\2.7.5\91c818ac4aad9d63e520347f3477a3fd3c4d9cd1\spring-boot-starter-reactor-netty-2.7.5.jar;C:\Users\shaxa\.gradle\caches\modules-2\files-2.1\org.springframework\spring-webflux\5.3.23\6b167d9c05bc2738e32dc8b0eb2f1e90f35e0030\spring-webflux-5.3.23.jar;C:\Users\shaxa\.gradle\caches\modules-2\files-2.1\org.springframework\sp
Launcher Type: SUN_STANDARD

[Global flags]
     bool BytecodeVerificationLocal                = false                                     {product} {command line}
     bool BytecodeVerificationRemote               = false                                     {product} {command line}
     intx CICompilerCount                          = 4                                         {product} {ergonomic}
     uint ConcGCThreads                            = 2                                         {product} {ergonomic}
     uint G1ConcRefinementThreads                  = 8                                         {product} {ergonomic}
   size_t G1HeapRegionSize                         = 1048576                                   {product} {ergonomic}
    uintx GCDrainStackTargetSize                   = 64                                        {product} {ergonomic}
   size_t InitialHeapSize                          = 134217728                                 {product} {ergonomic}
     bool ManagementServer                         = true                                      {product} {command line}
   size_t MarkStackSize                            = 4194304                                   {product} {ergonomic}
   size_t MaxHeapSize                              = 2118123520                                {product} {ergonomic}
   size_t MaxNewSize                               = 1270874112                                {product} {ergonomic}
   size_t MinHeapDeltaBytes                        = 1048576                                   {product} {ergonomic}
    uintx NonNMethodCodeHeapSize                   = 7549744                                {pd product} {ergonomic}
    uintx NonProfiledCodeHeapSize                  = 244108496                              {pd product} {ergonomic}
    uintx ProfiledCodeHeapSize                     = 0                                      {pd product} {ergonomic}
    uintx ReservedCodeCacheSize                    = 251658240                              {pd product} {ergonomic}
     bool SegmentedCodeCache                       = true                                      {product} {ergonomic}
     intx TieredStopAtLevel                        = 1                                         {product} {command line}
     bool UseCompressedClassPointers               = true                                 {lp64_product} {ergonomic}
     bool UseCompressedOops                        = true                                 {lp64_product} {ergonomic}
     bool UseG1GC                                  = true                                      {product} {ergonomic}
     bool UseLargePagesIndividualAllocation        = false                                  {pd product} {ergonomic}

Logging:
Log output configuration:
 #0: stdout all=warning uptime,level,tags
 #1: stderr all=off uptime,level,tags

Environment Variables:
JAVA_HOME=C:\Java\jdk-18.0.2.1
PATH=C:\Program Files\Common Files\Oracle\Java\javapath;C:\Program Files (x86)\Common Files\Oracle\Java\javapath;C:\Windows\system32;C:\Windows;C:\Windows\System32\Wbem;C:\Windows\System32\WindowsPowerShell\v1.0\;C:\Windows\System32\OpenSSH\;C:\Program Files (x86)\Common Files\Acronis\SnapAPI\;C:\Program Files\NVIDIA Corporation\NVIDIA NvDLISR;C:\Program Files\Java\jdk-18.0.2.1\bin;C:\Program Files\Git\cmd;";% JAVA_HOME% \ bin";";C:\apache-zookeeper-3.7.1-bin\bin";C:\Program Files\Docker\Docker\resources\bin;C:\ProgramData\DockerDesktop\version-bin;C:\Java\spring-1.3.0.RELEASE\bin;C:\Users\shaxa\AppData\Local\Microsoft\WindowsApps;C:\Users\shaxa\AppData\Local\GitHubDesktop\bin;C:\Users\shaxa\AppData\Local\JetBrains\Toolbox\scripts;C:\Users\shaxa\AppData\Local\Programs\Microsoft VS Code\bin
USERNAME=shaxa
OS=Windows_NT
PROCESSOR_IDENTIFIER=Intel64 Family 6 Model 142 Stepping 11, GenuineIntel
TMP=C:\Users\shaxa\AppData\Local\Temp
TEMP=C:\Users\shaxa\AppData\Local\Temp



---------------  S Y S T E M  ---------------

OS: Windows 10 , 64 bit Build 19041 (10.0.19041.1889)
OS uptime: 19 days 21:40 hours
Hyper-V role detected

CPU:total 8 (initial active 8) (4 cores per cpu, 2 threads per core) family 6 model 142 stepping 11 microcode 0xea, cmov, cx8, fxsr, mmx, sse, sse2, sse3, ssse3, sse4.1, sse4.2, popcnt, avx, avx2, aes, clmul, erms, 3dnowpref, lzcnt, ht, tsc, tscinvbit, bmi1, bmi2, adx, fma

Memory: 4k page, system-wide physical 8072M (232M free)
TotalPageFile size 14072M (AvailPageFile size 0M)
current process WorkingSet (physical memory assigned to process): 130M, peak: 130M
current process commit charge ("private bytes"): 244M, peak: 245M

vm_info: OpenJDK 64-Bit Server VM (11.0.16.1+9-LTS) for windows-amd64 JRE (11.0.16.1+9-LTS), built on Aug 12 2022 20:01:58 by "Administrator" with MS VC++ 15.9 (VS2017)

END.
