#
# There is insufficient memory for the Java Runtime Environment to continue.
# Native memory allocation (mmap) failed to map 134217728 bytes for Failed to commit area from 0x0000000081c00000 to 0x0000000089c00000 of length 134217728.
# Possible reasons:
#   The system is out of physical RAM or swap space
#   The process is running with CompressedOops enabled, and the Java Heap may be blocking the growth of the native heap
# Possible solutions:
#   Reduce memory load on the system
#   Increase physical memory or swap space
#   Check if swap backing store is full
#   Decrease Java heap size (-Xmx/-Xms)
#   Decrease number of Java threads
#   Decrease Java thread stack sizes (-Xss)
#   Set larger code cache with -XX:ReservedCodeCacheSize=
# This output file may be truncated or incomplete.
#
#  Out of Memory Error (./src/hotspot/os/windows/os_windows.cpp:3386), pid=12140, tid=11908
#
# JRE version:  (11.0.16.1+9) (build )
# Java VM: OpenJDK 64-Bit Server VM (11.0.16.1+9-LTS, mixed mode, sharing, tiered, compressed oops, g1 gc, windows-amd64)
# No core dump will be written. Minidumps are not enabled by default on client versions of Windows
#

---------------  S U M M A R Y ------------

Command Line: -XX:TieredStopAtLevel=1 -Xverify:none -Dspring.output.ansi.enabled=always -Dcom.sun.management.jmxremote -Dspring.jmx.enabled=true -Dspring.liveBeansView.mbeanDomain -Dspring.application.admin.enabled=true -javaagent:C:\Users\shaxa\AppData\Local\JetBrains\Toolbox\apps\IDEA-U\ch-0\222.4167.29\lib\idea_rt.jar=65420:C:\Users\shaxa\AppData\Local\JetBrains\Toolbox\apps\IDEA-U\ch-0\222.4167.29\bin -Dfile.encoding=UTF-8 org.springcloud.com.eurekaclient.EurekaClientApplication

Host: Intel(R) Core(TM) i5-8265U CPU @ 1.60GHz, 8 cores, 7G,  Windows 10 , 64 bit Build 19041 (10.0.19041.1889)
Time: Wed Nov  9 16:08:41 2022  Windows 10 , 64 bit Build 19041 (10.0.19041.1889) elapsed time: 0.020360 seconds (0d 0h 0m 0s)

---------------  T H R E A D  ---------------

Current thread (0x000002b0a98cf000):  JavaThread "Unknown thread" [_thread_in_vm, id=11908, stack(0x000000b999300000,0x000000b999400000)]

Stack: [0x000000b999300000,0x000000b999400000]
Native frames: (J=compiled Java code, j=interpreted, Vv=VM code, C=native code)
V  [jvm.dll+0x61f23a]
V  [jvm.dll+0x7ac419]
V  [jvm.dll+0x7adb08]
V  [jvm.dll+0x7ae1e3]
V  [jvm.dll+0x24fa98]
V  [jvm.dll+0x61c54a]
V  [jvm.dll+0x610cf5]
V  [jvm.dll+0x3079bc]
V  [jvm.dll+0x307842]
V  [jvm.dll+0x30c556]
V  [jvm.dll+0x352bff]
V  [jvm.dll+0x352630]
V  [jvm.dll+0x2e49b8]
V  [jvm.dll+0x2e5b16]
V  [jvm.dll+0x786267]
V  [jvm.dll+0x7879ef]
V  [jvm.dll+0x35f939]
V  [jvm.dll+0x7691d0]
V  [jvm.dll+0x3cd45f]
V  [jvm.dll+0x3cf7f1]
C  [jli.dll+0x5207]
C  [ucrtbase.dll+0x21bb2]
C  [KERNEL32.DLL+0x17034]
C  [ntdll.dll+0x526a1]


---------------  P R O C E S S  ---------------

Threads class SMR info:
_java_thread_list=0x000002b0a781f510, length=0, elements={
}

Java Threads: ( => current thread )

Other Threads:
  0x000002b0a98e8800 GCTaskThread "GC Thread#0" [stack: 0x000000b999400000,0x000000b999500000] [id=6148]
  0x000002b0a991b000 ConcurrentGCThread "G1 Main Marker" [stack: 0x000000b999500000,0x000000b999600000] [id=4476]
  0x000002b0a991d800 ConcurrentGCThread "G1 Conc#0" [stack: 0x000000b999600000,0x000000b999700000] [id=16252]

[error occurred during error reporting (printing all threads), id 0xc0000005, EXCEPTION_ACCESS_VIOLATION (0xc0000005) at pc=0x00007ffa34384187]

VM state:not at safepoint (not fully initialized)

VM Mutex/Monitor currently owned by a thread:  ([mutex/lock_event])
[0x000002b0a98c9e90] Heap_lock - owner thread: 0x000002b0a98cf000

Heap address: 0x0000000081c00000, size: 2020 MB, Compressed Oops mode: Non-zero based: 0x0000000081c00000
Narrow klass base: 0x0000000000000000, Narrow klass shift: 0

GC Heap History (0 events):
No events

Deoptimization events (0 events):
No events

Classes redefined (0 events):
No events

Internal exceptions (0 events):
No events

Events (1 events):
Event: 0.009 Loaded shared library C:\Users\shaxa\.jdks\corretto-11.0.16.1\bin\zip.dll


Dynamic libraries:
0x00007ff6c24a0000 - 0x00007ff6c24ad000 	C:\Users\shaxa\.jdks\corretto-11.0.16.1\bin\java.exe
0x00007ffa82930000 - 0x00007ffa82b28000 	C:\Windows\SYSTEM32\ntdll.dll
0x00007ffa80ba0000 - 0x00007ffa80c5d000 	C:\Windows\System32\KERNEL32.DLL
0x00007ffa80610000 - 0x00007ffa808de000 	C:\Windows\System32\KERNELBASE.dll
0x00007ffa800d0000 - 0x00007ffa801d0000 	C:\Windows\System32\ucrtbase.dll
0x00007ffa6ece0000 - 0x00007ffa6ecf9000 	C:\Users\shaxa\.jdks\corretto-11.0.16.1\bin\VCRUNTIME140.dll
0x00007ffa6ed00000 - 0x00007ffa6ed17000 	C:\Users\shaxa\.jdks\corretto-11.0.16.1\bin\jli.dll
0x00007ffa80d80000 - 0x00007ffa80f20000 	C:\Windows\System32\USER32.dll
0x00007ffa6b2a0000 - 0x00007ffa6b53a000 	C:\Windows\WinSxS\amd64_microsoft.windows.common-controls_6595b64144ccf1df_6.0.19041.1110_none_60b5254171f9507e\COMCTL32.dll
0x00007ffa800a0000 - 0x00007ffa800c2000 	C:\Windows\System32\win32u.dll
0x00007ffa81030000 - 0x00007ffa810ce000 	C:\Windows\System32\msvcrt.dll
0x00007ffa812e0000 - 0x00007ffa8130a000 	C:\Windows\System32\GDI32.dll
0x00007ffa80200000 - 0x00007ffa8030b000 	C:\Windows\System32\gdi32full.dll
0x00007ffa80310000 - 0x00007ffa803ad000 	C:\Windows\System32\msvcp_win.dll
0x00007ffa80b70000 - 0x00007ffa80ba0000 	C:\Windows\System32\IMM32.DLL
0x00007ffa6e270000 - 0x00007ffa6e30b000 	C:\Users\shaxa\.jdks\corretto-11.0.16.1\bin\msvcp140.dll
0x00007ffa34090000 - 0x00007ffa34c14000 	C:\Users\shaxa\.jdks\corretto-11.0.16.1\bin\server\jvm.dll
0x00007ffa81910000 - 0x00007ffa819be000 	C:\Windows\System32\ADVAPI32.dll
0x00007ffa80f80000 - 0x00007ffa8101c000 	C:\Windows\System32\sechost.dll
0x00007ffa80990000 - 0x00007ffa80ab5000 	C:\Windows\System32\RPCRT4.dll
0x00007ffa80d70000 - 0x00007ffa80d78000 	C:\Windows\System32\PSAPI.DLL
0x00007ffa646f0000 - 0x00007ffa646f9000 	C:\Windows\SYSTEM32\WSOCK32.dll
0x00007ffa5ceb0000 - 0x00007ffa5ced7000 	C:\Windows\SYSTEM32\WINMM.dll
0x00007ffa78ea0000 - 0x00007ffa78eaa000 	C:\Windows\SYSTEM32\VERSION.dll
0x00007ffa81270000 - 0x00007ffa812db000 	C:\Windows\System32\WS2_32.dll
0x00007ffa7e890000 - 0x00007ffa7e8a2000 	C:\Windows\SYSTEM32\kernel.appcore.dll
0x00007ffa79330000 - 0x00007ffa79340000 	C:\Users\shaxa\.jdks\corretto-11.0.16.1\bin\verify.dll
0x00007ffa7de00000 - 0x00007ffa7dfe4000 	C:\Windows\SYSTEM32\DBGHELP.DLL
0x00007ffa644c0000 - 0x00007ffa644ec000 	C:\Windows\SYSTEM32\dbgcore.DLL
0x00007ffa80510000 - 0x00007ffa80592000 	C:\Windows\System32\bcryptPrimitives.dll
0x00007ffa6ecb0000 - 0x00007ffa6ecd8000 	C:\Users\shaxa\.jdks\corretto-11.0.16.1\bin\java.dll
0x00007ffa717f0000 - 0x00007ffa717fa000 	C:\Users\shaxa\.jdks\corretto-11.0.16.1\bin\jimage.dll
0x00007ffa79160000 - 0x00007ffa7916e000 	C:\Users\shaxa\.jdks\corretto-11.0.16.1\bin\instrument.dll
0x00007ffa6ec90000 - 0x00007ffa6eca8000 	C:\Users\shaxa\.jdks\corretto-11.0.16.1\bin\zip.dll

dbghelp: loaded successfully - version: 4.0.5 - missing functions: none
symbol engine: initialized successfully - sym options: 0x614 - pdb path: .;C:\Users\shaxa\.jdks\corretto-11.0.16.1\bin;C:\Windows\SYSTEM32;C:\Windows\WinSxS\amd64_microsoft.windows.common-controls_6595b64144ccf1df_6.0.19041.1110_none_60b5254171f9507e;C:\Users\shaxa\.jdks\corretto-11.0.16.1\bin\server

VM Arguments:
jvm_args: -XX:TieredStopAtLevel=1 -Xverify:none -Dspring.output.ansi.enabled=always -Dcom.sun.management.jmxremote -Dspring.jmx.enabled=true -Dspring.liveBeansView.mbeanDomain -Dspring.application.admin.enabled=true -javaagent:C:\Users\shaxa\AppData\Local\JetBrains\Toolbox\apps\IDEA-U\ch-0\222.4167.29\lib\idea_rt.jar=65420:C:\Users\shaxa\AppData\Local\JetBrains\Toolbox\apps\IDEA-U\ch-0\222.4167.29\bin -Dfile.encoding=UTF-8 
java_command: org.springcloud.com.eurekaclient.EurekaClientApplication
java_class_path (initial): C:\Users\shaxa\OneDrive\Рабочий стол\Projects\Spring-Guides\spring-cloud-demo\eureka-client\build\classes\java\main;C:\Users\shaxa\OneDrive\Рабочий стол\Projects\Spring-Guides\spring-cloud-demo\eureka-client\build\resources\main;C:\Users\shaxa\.gradle\caches\modules-2\files-2.1\org.springframework.boot\spring-boot-starter-web\2.7.5\bb4099d0466a62c3b11ab9323babca13bb430a2e\spring-boot-starter-web-2.7.5.jar;C:\Users\shaxa\.gradle\caches\modules-2\files-2.1\org.springframework.cloud\spring-cloud-starter-netflix-eureka-client\3.1.4\eab516eed4aa645f108feab2ec14d01c09c968d4\spring-cloud-starter-netflix-eureka-client-3.1.4.jar;C:\Users\shaxa\.gradle\caches\modules-2\files-2.1\org.springframework.boot\spring-boot-starter-json\2.7.5\9c7df04ff37b2e7471632ddeb4a296c5fb6bddee\spring-boot-starter-json-2.7.5.jar;C:\Users\shaxa\.gradle\caches\modules-2\files-2.1\org.springframework.boot\spring-boot-starter\2.7.5\c28e1546461803490588085345ba5d2897d232bc\spring-boot-starter-2.7.5.jar;C:\Users\shaxa\.gradle\caches\modules-2\files-2.1\org.springframework.boot\spring-boot-starter-tomcat\2.7.5\eb7849c52953de44d9712adf45398ccb1a7d4295\spring-boot-starter-tomcat-2.7.5.jar;C:\Users\shaxa\.gradle\caches\modules-2\files-2.1\org.springframework\spring-webmvc\5.3.23\b163527c275b0374371890c0b76c2a2a09f9804b\spring-webmvc-5.3.23.jar;C:\Users\shaxa\.gradle\caches\modules-2\files-2.1\org.springframework\spring-web\5.3.23\193f5276092d9cbe3222c63885b47ca7b2cce97\spring-web-5.3.23.jar;C:\Users\shaxa\.gradle\caches\modules-2\files-2.1\org.springframework.cloud\spring-cloud-starter-loadbalancer\3.1.4\8d673f18b74cd263917cef84c0d97d1b8de0a477\spring-cloud-starter-loadbalancer-3.1.4.jar;C:\Users\shaxa\.gradle\caches\modules-2\files-2.1\org.springframework.cloud\spring-cloud-starter\3.1.4\d29d458f86e2c08009e7a67f6703cdd54c80483d\spring-cloud-starter-3.1.4.jar;C:\Users\shaxa\.gradle\caches\modules-2\files-2.1\org.springframework.cloud\spring-cloud-netflix-eureka-client\3.1.4\c7d
Launcher Type: SUN_STANDARD

[Global flags]
     bool BytecodeVerificationLocal                = false                                     {product} {command line}
     bool BytecodeVerificationRemote               = false                                     {product} {command line}
     intx CICompilerCount                          = 4                                         {product} {ergonomic}
     uint ConcGCThreads                            = 2                                         {product} {ergonomic}
     uint G1ConcRefinementThreads                  = 8                                         {product} {ergonomic}
   size_t G1HeapRegionSize                         = 1048576                                   {product} {ergonomic}
    uintx GCDrainStackTargetSize                   = 64                                        {product} {ergonomic}
   size_t InitialHeapSize                          = 134217728                                 {product} {ergonomic}
     bool ManagementServer                         = true                                      {product} {command line}
   size_t MarkStackSize                            = 4194304                                   {product} {ergonomic}
   size_t MaxHeapSize                              = 2118123520                                {product} {ergonomic}
   size_t MinHeapDeltaBytes                        = 1048576                                   {product} {ergonomic}
    uintx NonNMethodCodeHeapSize                   = 7549744                                {pd product} {ergonomic}
    uintx NonProfiledCodeHeapSize                  = 244108496                              {pd product} {ergonomic}
    uintx ProfiledCodeHeapSize                     = 0                                      {pd product} {ergonomic}
    uintx ReservedCodeCacheSize                    = 251658240                              {pd product} {ergonomic}
     bool SegmentedCodeCache                       = true                                      {product} {ergonomic}
     intx TieredStopAtLevel                        = 1                                         {product} {command line}
     bool UseCompressedClassPointers               = true                                 {lp64_product} {ergonomic}
     bool UseCompressedOops                        = true                                 {lp64_product} {ergonomic}
     bool UseG1GC                                  = true                                      {product} {ergonomic}
     bool UseLargePagesIndividualAllocation        = false                                  {pd product} {ergonomic}

Logging:
Log output configuration:
 #0: stdout all=warning uptime,level,tags
 #1: stderr all=off uptime,level,tags

Environment Variables:
JAVA_HOME=C:\Java\jdk-18.0.2.1
PATH=C:\Program Files\Common Files\Oracle\Java\javapath;C:\Program Files (x86)\Common Files\Oracle\Java\javapath;C:\Windows\system32;C:\Windows;C:\Windows\System32\Wbem;C:\Windows\System32\WindowsPowerShell\v1.0\;C:\Windows\System32\OpenSSH\;C:\Program Files (x86)\Common Files\Acronis\SnapAPI\;C:\Program Files\NVIDIA Corporation\NVIDIA NvDLISR;C:\Program Files\Java\jdk-18.0.2.1\bin;C:\Program Files\Git\cmd;";% JAVA_HOME% \ bin";";C:\apache-zookeeper-3.7.1-bin\bin";C:\Program Files\Docker\Docker\resources\bin;C:\ProgramData\DockerDesktop\version-bin;C:\Java\spring-1.3.0.RELEASE\bin;C:\Users\shaxa\AppData\Local\Microsoft\WindowsApps;C:\Users\shaxa\AppData\Local\GitHubDesktop\bin;C:\Users\shaxa\AppData\Local\JetBrains\Toolbox\scripts;C:\Users\shaxa\AppData\Local\Programs\Microsoft VS Code\bin
USERNAME=shaxa
OS=Windows_NT
PROCESSOR_IDENTIFIER=Intel64 Family 6 Model 142 Stepping 11, GenuineIntel
TMP=C:\Users\shaxa\AppData\Local\Temp
TEMP=C:\Users\shaxa\AppData\Local\Temp



---------------  S Y S T E M  ---------------

OS: Windows 10 , 64 bit Build 19041 (10.0.19041.1889)
OS uptime: 19 days 21:45 hours
Hyper-V role detected

CPU:total 8 (initial active 8) (4 cores per cpu, 2 threads per core) family 6 model 142 stepping 11 microcode 0xea, cmov, cx8, fxsr, mmx, sse, sse2, sse3, ssse3, sse4.1, sse4.2, popcnt, avx, avx2, aes, clmul, erms, 3dnowpref, lzcnt, ht, tsc, tscinvbit, bmi1, bmi2, adx, fma

Memory: 4k page, system-wide physical 8072M (465M free)
TotalPageFile size 14072M (AvailPageFile size 62M)
current process WorkingSet (physical memory assigned to process): 10M, peak: 10M
current process commit charge ("private bytes"): 57M, peak: 185M

vm_info: OpenJDK 64-Bit Server VM (11.0.16.1+9-LTS) for windows-amd64 JRE (11.0.16.1+9-LTS), built on Aug 12 2022 20:01:58 by "Administrator" with MS VC++ 15.9 (VS2017)

END.
